2022-04-26 22:24:46.765 [main] INFO  c.n.s.SpringActuatorDemoApplication - Starting SpringActuatorDemoApplication using Java 1.8.0_301 on LAPTOP-PMBE2ALH with PID 28644 (D:\github_project\spring-boot-examples\spring-actuator-demo\target\classes started by Lenovo in D:\github_project\spring-boot-examples)
2022-04-26 22:24:46.765 [main] INFO  c.n.s.SpringActuatorDemoApplication - No active profile set, falling back to default profiles: default
2022-04-26 22:24:47.735 [main] INFO  o.s.boot.web.embedded.tomcat.TomcatWebServer - Tomcat initialized with port(s): 9001 (http)
2022-04-26 22:24:47.735 [main] INFO  org.apache.coyote.http11.Http11NioProtocol - Initializing ProtocolHandler ["http-nio-9001"]
2022-04-26 22:24:47.735 [main] INFO  org.apache.catalina.core.StandardService - Starting service [Tomcat]
2022-04-26 22:24:47.735 [main] INFO  org.apache.catalina.core.StandardEngine - Starting Servlet engine: [Apache Tomcat/9.0.53]
2022-04-26 22:24:47.813 [main] INFO  o.a.c.core.ContainerBase.[Tomcat].[localhost].[/] - Initializing Spring embedded WebApplicationContext
2022-04-26 22:24:47.813 [main] INFO  o.s.b.w.s.c.ServletWebServerApplicationContext - Root WebApplicationContext: initialization completed in 1001 ms
2022-04-26 22:24:48.255 [main] INFO  o.s.b.actuate.endpoint.web.EndpointLinksResolver - Exposing 16 endpoint(s) beneath base path '/actuator'
2022-04-26 22:24:48.270 [main] INFO  org.apache.coyote.http11.Http11NioProtocol - Starting ProtocolHandler ["http-nio-9001"]
2022-04-26 22:24:48.286 [main] INFO  o.s.boot.web.embedded.tomcat.TomcatWebServer - Tomcat started on port(s): 9001 (http) with context path ''
2022-04-26 22:24:48.301 [main] INFO  c.n.s.SpringActuatorDemoApplication - Started SpringActuatorDemoApplication in 2.258 seconds (JVM running for 3.443)
2022-04-26 22:24:48.459 [registrationTask1] INFO  d.c.b.a.client.registration.ApplicationRegistrator - Application registered itself as c05a50d75b28
2022-04-26 22:24:48.489 [http-nio-9001-exec-1] INFO  o.a.c.core.ContainerBase.[Tomcat].[localhost].[/] - Initializing Spring DispatcherServlet 'dispatcherServlet'
2022-04-26 22:24:48.489 [http-nio-9001-exec-1] INFO  org.springframework.web.servlet.DispatcherServlet - Initializing Servlet 'dispatcherServlet'
2022-04-26 22:24:48.489 [http-nio-9001-exec-1] INFO  org.springframework.web.servlet.DispatcherServlet - Completed initialization in 0 ms
2022-04-26 22:26:28.091 [main] INFO  c.n.s.SpringActuatorDemoApplication - Starting SpringActuatorDemoApplication using Java 1.8.0_301 on LAPTOP-PMBE2ALH with PID 20564 (D:\github_project\spring-boot-examples\spring-actuator-demo\target\classes started by Lenovo in D:\github_project\spring-boot-examples)
2022-04-26 22:26:28.109 [main] INFO  c.n.s.SpringActuatorDemoApplication - No active profile set, falling back to default profiles: default
2022-04-26 22:26:29.270 [main] INFO  o.s.boot.web.embedded.tomcat.TomcatWebServer - Tomcat initialized with port(s): 9001 (http)
2022-04-26 22:26:29.286 [main] INFO  org.apache.coyote.http11.Http11NioProtocol - Initializing ProtocolHandler ["http-nio-9001"]
2022-04-26 22:26:29.286 [main] INFO  org.apache.catalina.core.StandardService - Starting service [Tomcat]
2022-04-26 22:26:29.286 [main] INFO  org.apache.catalina.core.StandardEngine - Starting Servlet engine: [Apache Tomcat/9.0.53]
2022-04-26 22:26:29.364 [main] INFO  o.a.c.core.ContainerBase.[Tomcat].[localhost].[/] - Initializing Spring embedded WebApplicationContext
2022-04-26 22:26:29.364 [main] INFO  o.s.b.w.s.c.ServletWebServerApplicationContext - Root WebApplicationContext: initialization completed in 1210 ms
2022-04-26 22:26:29.984 [main] INFO  o.s.b.actuate.endpoint.web.EndpointLinksResolver - Exposing 16 endpoint(s) beneath base path '/actuator'
2022-04-26 22:26:30.015 [main] INFO  org.apache.coyote.http11.Http11NioProtocol - Starting ProtocolHandler ["http-nio-9001"]
2022-04-26 22:26:30.032 [main] INFO  o.s.boot.web.embedded.tomcat.TomcatWebServer - Tomcat started on port(s): 9001 (http) with context path ''
2022-04-26 22:26:30.047 [main] INFO  c.n.s.SpringActuatorDemoApplication - Started SpringActuatorDemoApplication in 2.699 seconds (JVM running for 4.082)
2022-04-26 22:26:30.207 [registrationTask1] INFO  d.c.b.a.client.registration.ApplicationRegistrator - Application registered itself as c05a50d75b28
2022-04-26 22:26:30.255 [http-nio-9001-exec-1] INFO  o.a.c.core.ContainerBase.[Tomcat].[localhost].[/] - Initializing Spring DispatcherServlet 'dispatcherServlet'
2022-04-26 22:26:30.255 [http-nio-9001-exec-1] INFO  org.springframework.web.servlet.DispatcherServlet - Initializing Servlet 'dispatcherServlet'
2022-04-26 22:26:30.255 [http-nio-9001-exec-1] INFO  org.springframework.web.servlet.DispatcherServlet - Completed initialization in 0 ms
2022-04-26 22:26:44.755 [main] INFO  c.n.s.SpringActuatorDemoApplication - Starting SpringActuatorDemoApplication using Java 1.8.0_301 on LAPTOP-PMBE2ALH with PID 20208 (D:\github_project\spring-boot-examples\spring-actuator-demo\target\classes started by Lenovo in D:\github_project\spring-boot-examples)
2022-04-26 22:26:44.755 [main] INFO  c.n.s.SpringActuatorDemoApplication - No active profile set, falling back to default profiles: default
2022-04-26 22:26:45.893 [main] INFO  o.s.boot.web.embedded.tomcat.TomcatWebServer - Tomcat initialized with port(s): 9001 (http)
2022-04-26 22:26:45.901 [main] INFO  org.apache.coyote.http11.Http11NioProtocol - Initializing ProtocolHandler ["http-nio-9001"]
2022-04-26 22:26:45.902 [main] INFO  org.apache.catalina.core.StandardService - Starting service [Tomcat]
2022-04-26 22:26:45.902 [main] INFO  org.apache.catalina.core.StandardEngine - Starting Servlet engine: [Apache Tomcat/9.0.53]
2022-04-26 22:26:45.978 [main] INFO  o.a.c.core.ContainerBase.[Tomcat].[localhost].[/] - Initializing Spring embedded WebApplicationContext
2022-04-26 22:26:45.978 [main] INFO  o.s.b.w.s.c.ServletWebServerApplicationContext - Root WebApplicationContext: initialization completed in 1161 ms
2022-04-26 22:26:46.584 [main] INFO  o.s.b.actuate.endpoint.web.EndpointLinksResolver - Exposing 16 endpoint(s) beneath base path '/actuator'
2022-04-26 22:26:46.619 [main] INFO  org.apache.coyote.http11.Http11NioProtocol - Starting ProtocolHandler ["http-nio-9001"]
2022-04-26 22:26:46.695 [main] INFO  o.s.boot.web.embedded.tomcat.TomcatWebServer - Tomcat started on port(s): 9001 (http) with context path ''
2022-04-26 22:26:46.711 [main] INFO  c.n.s.SpringActuatorDemoApplication - Started SpringActuatorDemoApplication in 2.589 seconds (JVM running for 4.384)
2022-04-26 22:26:46.846 [registrationTask1] INFO  d.c.b.a.client.registration.ApplicationRegistrator - Application registered itself as c05a50d75b28
2022-04-26 22:26:46.878 [http-nio-9001-exec-3] INFO  o.a.c.core.ContainerBase.[Tomcat].[localhost].[/] - Initializing Spring DispatcherServlet 'dispatcherServlet'
2022-04-26 22:26:46.878 [http-nio-9001-exec-3] INFO  org.springframework.web.servlet.DispatcherServlet - Initializing Servlet 'dispatcherServlet'
2022-04-26 22:26:46.878 [http-nio-9001-exec-3] INFO  org.springframework.web.servlet.DispatcherServlet - Completed initialization in 0 ms
2022-04-26 22:30:16.548 [main] INFO  c.n.s.SpringActuatorDemoApplication - Starting SpringActuatorDemoApplication using Java 1.8.0_301 on LAPTOP-PMBE2ALH with PID 14080 (D:\github_project\spring-boot-examples\spring-actuator-demo\target\classes started by Lenovo in D:\github_project\spring-boot-examples)
2022-04-26 22:30:16.552 [main] INFO  c.n.s.SpringActuatorDemoApplication - No active profile set, falling back to default profiles: default
2022-04-26 22:30:17.651 [main] INFO  o.s.boot.web.embedded.tomcat.TomcatWebServer - Tomcat initialized with port(s): 9001 (http)
2022-04-26 22:30:17.651 [main] INFO  org.apache.coyote.http11.Http11NioProtocol - Initializing ProtocolHandler ["http-nio-9001"]
2022-04-26 22:30:17.651 [main] INFO  org.apache.catalina.core.StandardService - Starting service [Tomcat]
2022-04-26 22:30:17.651 [main] INFO  org.apache.catalina.core.StandardEngine - Starting Servlet engine: [Apache Tomcat/9.0.53]
2022-04-26 22:30:17.745 [main] INFO  o.a.c.core.ContainerBase.[Tomcat].[localhost].[/] - Initializing Spring embedded WebApplicationContext
2022-04-26 22:30:17.745 [main] INFO  o.s.b.w.s.c.ServletWebServerApplicationContext - Root WebApplicationContext: initialization completed in 1143 ms
2022-04-26 22:30:18.307 [main] INFO  o.s.b.actuate.endpoint.web.EndpointLinksResolver - Exposing 16 endpoint(s) beneath base path '/actuator'
2022-04-26 22:30:18.338 [main] INFO  org.apache.coyote.http11.Http11NioProtocol - Starting ProtocolHandler ["http-nio-9001"]
2022-04-26 22:30:18.354 [main] INFO  o.s.boot.web.embedded.tomcat.TomcatWebServer - Tomcat started on port(s): 9001 (http) with context path ''
2022-04-26 22:30:18.369 [main] INFO  c.n.s.SpringActuatorDemoApplication - Started SpringActuatorDemoApplication in 2.542 seconds (JVM running for 4.129)
2022-04-26 22:30:18.526 [registrationTask1] INFO  d.c.b.a.client.registration.ApplicationRegistrator - Application registered itself as c05a50d75b28
2022-04-26 22:30:18.557 [http-nio-9001-exec-1] INFO  o.a.c.core.ContainerBase.[Tomcat].[localhost].[/] - Initializing Spring DispatcherServlet 'dispatcherServlet'
2022-04-26 22:30:18.557 [http-nio-9001-exec-1] INFO  org.springframework.web.servlet.DispatcherServlet - Initializing Servlet 'dispatcherServlet'
2022-04-26 22:30:18.573 [http-nio-9001-exec-1] INFO  org.springframework.web.servlet.DispatcherServlet - Completed initialization in 16 ms
2022-04-26 22:34:19.352 [main] INFO  c.n.s.SpringActuatorDemoApplication - Starting SpringActuatorDemoApplication using Java 1.8.0_301 on LAPTOP-PMBE2ALH with PID 21716 (D:\github_project\spring-boot-examples\spring-actuator-demo\target\classes started by Lenovo in D:\github_project\spring-boot-examples)
2022-04-26 22:34:19.368 [main] INFO  c.n.s.SpringActuatorDemoApplication - No active profile set, falling back to default profiles: default
2022-04-26 22:34:20.461 [main] INFO  o.s.boot.web.embedded.tomcat.TomcatWebServer - Tomcat initialized with port(s): 9001 (http)
2022-04-26 22:34:20.463 [main] INFO  org.apache.coyote.http11.Http11NioProtocol - Initializing ProtocolHandler ["http-nio-9001"]
2022-04-26 22:34:20.463 [main] INFO  org.apache.catalina.core.StandardService - Starting service [Tomcat]
2022-04-26 22:34:20.463 [main] INFO  org.apache.catalina.core.StandardEngine - Starting Servlet engine: [Apache Tomcat/9.0.53]
2022-04-26 22:34:20.541 [main] INFO  o.a.c.core.ContainerBase.[Tomcat].[localhost].[/] - Initializing Spring embedded WebApplicationContext
2022-04-26 22:34:20.541 [main] INFO  o.s.b.w.s.c.ServletWebServerApplicationContext - Root WebApplicationContext: initialization completed in 1109 ms
2022-04-26 22:34:21.124 [main] INFO  o.s.b.actuate.endpoint.web.EndpointLinksResolver - Exposing 16 endpoint(s) beneath base path '/actuator'
2022-04-26 22:34:21.154 [main] INFO  org.apache.coyote.http11.Http11NioProtocol - Starting ProtocolHandler ["http-nio-9001"]
2022-04-26 22:34:21.169 [main] INFO  o.s.boot.web.embedded.tomcat.TomcatWebServer - Tomcat started on port(s): 9001 (http) with context path ''
2022-04-26 22:34:21.244 [main] INFO  c.n.s.SpringActuatorDemoApplication - Started SpringActuatorDemoApplication in 2.621 seconds (JVM running for 4.318)
2022-04-26 22:34:21.384 [registrationTask1] INFO  d.c.b.a.client.registration.ApplicationRegistrator - Application registered itself as c05a50d75b28
2022-04-26 22:34:21.415 [http-nio-9001-exec-3] INFO  o.a.c.core.ContainerBase.[Tomcat].[localhost].[/] - Initializing Spring DispatcherServlet 'dispatcherServlet'
2022-04-26 22:34:21.415 [http-nio-9001-exec-3] INFO  org.springframework.web.servlet.DispatcherServlet - Initializing Servlet 'dispatcherServlet'
2022-04-26 22:34:21.415 [http-nio-9001-exec-3] INFO  org.springframework.web.servlet.DispatcherServlet - Completed initialization in 0 ms
